2024-06-06T11:55:05  perf: micro-optimization
2024-06-25T18:12:12  style: formatting
2024-07-21T13:29:19  chore: bump dev tooling
2024-08-17T08:46:26  docs: expand examples
2024-09-12T15:03:33  test: strengthen coverage
2024-10-09T10:20:40  chore: tune defaults
2024-10-28T17:37:47  refactor: simplify helper
2024-11-24T12:54:54  chore: routine maintenance
2024-12-20T19:11:01  docs: clarify usage notes
2025-01-16T14:28:08  test: add edge case
2025-02-11T09:45:15  refactor: tidy internals
2025-03-10T16:02:22  fix: handle empty input gracefully
2025-03-29T11:19:29  perf: micro-optimization
2025-04-25T18:36:36  style: formatting
2025-05-21T13:53:43  chore: bump dev tooling
2025-06-17T08:10:50  docs: expand examples
2025-07-13T15:27:57  test: strengthen coverage
2025-08-08T10:44:04  chore: tune defaults
2025-08-28T17:01:11  refactor: simplify helper
2025-09-23T12:18:18  chore: routine maintenance
2025-10-20T19:35:25  docs: clarify usage notes
2025-11-15T14:52:32  test: add edge case
2025-12-12T09:09:39  refactor: tidy internals
2025-12-31T16:26:46  fix: handle empty input gracefully
2026-01-27T11:43:53  perf: micro-optimization
2026-02-22T18:00:00  style: formatting
2026-03-21T13:17:07  chore: bump dev tooling
2026-03-23T08:34:14  docs: expand examples
2026-04-19T15:51:21  test: strengthen coverage
2026-06-01T10:08:28  chore: tune defaults
2024-09-01T11:55:05  docs: ELI5 pass
2024-10-14T18:12:12  refactor: future me will understand this
2025-02-05T13:29:19  test: it's not flaky, you're flaky
